{"@timestamp":"2025-06-28T10:29:27.120Z","ecs.version":"1.2.0","log.level":"INFO","message":"do","process.thread.name":"main","log.logger":"one.nfolio.Main"}
{"@timestamp":"2025-06-28T10:29:28.117Z","ecs.version":"1.2.0","log.level":"INFO","message":"oldNews is: true","process.thread.name":"main","log.logger":"one.nfolio.Main"}
{"@timestamp":"2025-06-28T10:29:28.242Z","ecs.version":"1.2.0","log.level":"INFO","message":"UUID: bd51955c-9413-4ee2-a8cb-547e2df763f8","process.thread.name":"main","log.logger":"one.nfolio.Main"}
{"@timestamp":"2025-06-28T10:29:28.244Z","ecs.version":"1.2.0","log.level":"INFO","message":"--> POST https://api.line.me/v2/bot/message/broadcast","process.thread.name":"OkHttp https://api.line.me/...","log.logger":"com.linecorp.bot.client.wire"}
{"@timestamp":"2025-06-28T10:29:28.245Z","ecs.version":"1.2.0","log.level":"INFO","message":"Content-Type: application/json; charset=UTF-8","process.thread.name":"OkHttp https://api.line.me/...","log.logger":"com.linecorp.bot.client.wire"}
{"@timestamp":"2025-06-28T10:29:28.245Z","ecs.version":"1.2.0","log.level":"INFO","message":"Content-Length: 1480","process.thread.name":"OkHttp https://api.line.me/...","log.logger":"com.linecorp.bot.client.wire"}
{"@timestamp":"2025-06-28T10:29:28.245Z","ecs.version":"1.2.0","log.level":"INFO","message":"X-Line-Retry-Key: bd51955c-9413-4ee2-a8cb-547e2df763f8","process.thread.name":"OkHttp https://api.line.me/...","log.logger":"com.linecorp.bot.client.wire"}
{"@timestamp":"2025-06-28T10:29:28.245Z","ecs.version":"1.2.0","log.level":"INFO","message":"Authorization: Bearer P1j+HnhoaZcuF6kok2k68ZFnODhedvp+17uNve7jrHIAo7Sd8zaYN5ajDHnhHUlneC8sUc+8LyOgQSKxGAPk+/WlpF2bkwCJM4gRc/dJzP82eUIPGZDAmXQdWq4ih1NmTf8YQXJIgcg7Lk+WTA1LuAdB04t89/1O/w1cDnyilFU=","process.thread.name":"OkHttp https://api.line.me/...","log.logger":"com.linecorp.bot.client.wire"}
{"@timestamp":"2025-06-28T10:29:28.245Z","ecs.version":"1.2.0","log.level":"INFO","message":"User-Agent: line-botsdk-java/9.8.0","process.thread.name":"OkHttp https://api.line.me/...","log.logger":"com.linecorp.bot.client.wire"}
{"@timestamp":"2025-06-28T10:29:28.245Z","ecs.version":"1.2.0","log.level":"INFO","message":"","process.thread.name":"OkHttp https://api.line.me/...","log.logger":"com.linecorp.bot.client.wire"}
{"@timestamp":"2025-06-28T10:29:28.246Z","ecs.version":"1.2.0","log.level":"INFO","message":"{\"messages\":[{\"type\":\"text\",\"text\":\"2025.06.24 : ヨルシカ\\n - LIVE 2024「前世」ライブ映像上映会の開催決定。（6/24更新）\\n| https://yorushika.com/news/detail/11687\\n2025.06.19 : ヨルシカ\\n - Yorushika LIVE 2024「前世」台灣確定上映\\n| https://yorushika.com/news/detail/11694\\n2025.06.19 : ヨルシカ\\n - 横浜・八景島シーパラダイス「LIGHTIA」にて「晴る」がコラボ\\n| https://yorushika.com/news/detail/11693\\n2025.06.18 : suis\\n - haruka nakamura + suis from ヨルシカ「灯星」6/27配信決定\\n| https://yorushika.com/news/detail/11692\\n2025.06.16 : suis\\n - J-WAVE特番「この夏の星を聴く」の番組DJをsuisが担当\\n| https://yorushika.com/news/detail/11690\\n2025.06.10 : ヨルシカ\\n - LIVE TOUR 2025「盗作 再演」開催決定。\\n| https://yorushika.com/news/detail/11688\\n2025.05.28 : suis\\n - 映画「この夏の星を見る」主題歌をsuisが歌唱\\n| https://yorushika.com/news/detail/11686\\n2025.05.15 : ヨルシカ\\n - 「火星人」MVよりスマホ用壁紙を配布\\n| https://yorushika.com/news/detail/11684\\n2025.05.03 : ヨルシカ\\n - ヨルシカ LIVE 2024「前世」購入者特典のデザイン決定。\\n| https://yorushika.com/news/detail/11681\\n2025.04.30 : ヨルシカ\\n - AL「盗作」、EP「創作」アナログ盤の発売決定。レコードプレイヤーの再販も。\\n| https://yorushika.com/news/detail/11679\\n\"}],\"notificationDisabled\":false}","process.thread.name":"OkHttp https://api.line.me/...","log.logger":"com.linecorp.bot.client.wire"}
{"@timestamp":"2025-06-28T10:29:28.246Z","ecs.version":"1.2.0","log.level":"INFO","message":"--> END POST (1480-byte body)","process.thread.name":"OkHttp https://api.line.me/...","log.logger":"com.linecorp.bot.client.wire"}
{"@timestamp":"2025-06-28T10:29:28.485Z","ecs.version":"1.2.0","log.level":"INFO","message":"<-- 200 https://api.line.me/v2/bot/message/broadcast (239ms)","process.thread.name":"OkHttp https://api.line.me/...","log.logger":"com.linecorp.bot.client.wire"}
{"@timestamp":"2025-06-28T10:29:28.486Z","ecs.version":"1.2.0","log.level":"INFO","message":"x-xss-protection: 1; mode=block","process.thread.name":"OkHttp https://api.line.me/...","log.logger":"com.linecorp.bot.client.wire"}
{"@timestamp":"2025-06-28T10:29:28.486Z","ecs.version":"1.2.0","log.level":"INFO","message":"x-line-request-id: a5cf0f5e-09fc-4539-9343-bb1edf4c28df","process.thread.name":"OkHttp https://api.line.me/...","log.logger":"com.linecorp.bot.client.wire"}
{"@timestamp":"2025-06-28T10:29:28.486Z","ecs.version":"1.2.0","log.level":"INFO","message":"x-frame-options: DENY","process.thread.name":"OkHttp https://api.line.me/...","log.logger":"com.linecorp.bot.client.wire"}
{"@timestamp":"2025-06-28T10:29:28.486Z","ecs.version":"1.2.0","log.level":"INFO","message":"x-content-type-options: nosniff","process.thread.name":"OkHttp https://api.line.me/...","log.logger":"com.linecorp.bot.client.wire"}
{"@timestamp":"2025-06-28T10:29:28.486Z","ecs.version":"1.2.0","log.level":"INFO","message":"pragma: no-cache","process.thread.name":"OkHttp https://api.line.me/...","log.logger":"com.linecorp.bot.client.wire"}
{"@timestamp":"2025-06-28T10:29:28.486Z","ecs.version":"1.2.0","log.level":"INFO","message":"expires: 0","process.thread.name":"OkHttp https://api.line.me/...","log.logger":"com.linecorp.bot.client.wire"}
{"@timestamp":"2025-06-28T10:29:28.486Z","ecs.version":"1.2.0","log.level":"INFO","message":"date: Sat, 28 Jun 2025 10:29:28 GMT","process.thread.name":"OkHttp https://api.line.me/...","log.logger":"com.linecorp.bot.client.wire"}
{"@timestamp":"2025-06-28T10:29:28.487Z","ecs.version":"1.2.0","log.level":"INFO","message":"content-type: application/json","process.thread.name":"OkHttp https://api.line.me/...","log.logger":"com.linecorp.bot.client.wire"}
{"@timestamp":"2025-06-28T10:29:28.487Z","ecs.version":"1.2.0","log.level":"INFO","message":"content-length: 2","process.thread.name":"OkHttp https://api.line.me/...","log.logger":"com.linecorp.bot.client.wire"}
{"@timestamp":"2025-06-28T10:29:28.487Z","ecs.version":"1.2.0","log.level":"INFO","message":"cache-control: no-cache, no-store, max-age=0, must-revalidate","process.thread.name":"OkHttp https://api.line.me/...","log.logger":"com.linecorp.bot.client.wire"}
{"@timestamp":"2025-06-28T10:29:28.487Z","ecs.version":"1.2.0","log.level":"INFO","message":"server: legy","process.thread.name":"OkHttp https://api.line.me/...","log.logger":"com.linecorp.bot.client.wire"}
{"@timestamp":"2025-06-28T10:29:28.487Z","ecs.version":"1.2.0","log.level":"INFO","message":"","process.thread.name":"OkHttp https://api.line.me/...","log.logger":"com.linecorp.bot.client.wire"}
{"@timestamp":"2025-06-28T10:29:28.487Z","ecs.version":"1.2.0","log.level":"INFO","message":"{}","process.thread.name":"OkHttp https://api.line.me/...","log.logger":"com.linecorp.bot.client.wire"}
{"@timestamp":"2025-06-28T10:29:28.487Z","ecs.version":"1.2.0","log.level":"INFO","message":"<-- END HTTP (2-byte body)","process.thread.name":"OkHttp https://api.line.me/...","log.logger":"com.linecorp.bot.client.wire"}
{"@timestamp":"2025-06-28T13:28:30.195Z","ecs.version":"1.2.0","log.level":"INFO","message":"do","process.thread.name":"pool-2-thread-1","log.logger":"one.nfolio.Main"}
{"@timestamp":"2025-06-28T13:28:31.065Z","ecs.version":"1.2.0","log.level":"INFO","message":"oldNews is: true","process.thread.name":"pool-2-thread-1","log.logger":"one.nfolio.Main"}
{"@timestamp":"2025-06-28T13:28:31.191Z","ecs.version":"1.2.0","log.level":"INFO","message":"UUID: db633d65-3ebe-4b6d-9898-96910419fb28","process.thread.name":"pool-2-thread-1","log.logger":"one.nfolio.Main"}
{"@timestamp":"2025-06-28T13:28:31.193Z","ecs.version":"1.2.0","log.level":"INFO","message":"--> POST https://api.line.me/v2/bot/message/broadcast","process.thread.name":"OkHttp https://api.line.me/...","log.logger":"com.linecorp.bot.client.wire"}
{"@timestamp":"2025-06-28T13:28:31.193Z","ecs.version":"1.2.0","log.level":"INFO","message":"Content-Type: application/json; charset=UTF-8","process.thread.name":"OkHttp https://api.line.me/...","log.logger":"com.linecorp.bot.client.wire"}
{"@timestamp":"2025-06-28T13:28:31.193Z","ecs.version":"1.2.0","log.level":"INFO","message":"Content-Length: 1480","process.thread.name":"OkHttp https://api.line.me/...","log.logger":"com.linecorp.bot.client.wire"}
{"@timestamp":"2025-06-28T13:28:31.193Z","ecs.version":"1.2.0","log.level":"INFO","message":"X-Line-Retry-Key: db633d65-3ebe-4b6d-9898-96910419fb28","process.thread.name":"OkHttp https://api.line.me/...","log.logger":"com.linecorp.bot.client.wire"}
{"@timestamp":"2025-06-28T13:28:31.193Z","ecs.version":"1.2.0","log.level":"INFO","message":"Authorization: Bearer P1j+HnhoaZcuF6kok2k68ZFnODhedvp+17uNve7jrHIAo7Sd8zaYN5ajDHnhHUlneC8sUc+8LyOgQSKxGAPk+/WlpF2bkwCJM4gRc/dJzP82eUIPGZDAmXQdWq4ih1NmTf8YQXJIgcg7Lk+WTA1LuAdB04t89/1O/w1cDnyilFU=","process.thread.name":"OkHttp https://api.line.me/...","log.logger":"com.linecorp.bot.client.wire"}
{"@timestamp":"2025-06-28T13:28:31.193Z","ecs.version":"1.2.0","log.level":"INFO","message":"User-Agent: line-botsdk-java/9.8.0","process.thread.name":"OkHttp https://api.line.me/...","log.logger":"com.linecorp.bot.client.wire"}
{"@timestamp":"2025-06-28T13:28:31.193Z","ecs.version":"1.2.0","log.level":"INFO","message":"","process.thread.name":"OkHttp https://api.line.me/...","log.logger":"com.linecorp.bot.client.wire"}
{"@timestamp":"2025-06-28T13:28:31.194Z","ecs.version":"1.2.0","log.level":"INFO","message":"{\"messages\":[{\"type\":\"text\",\"text\":\"2025.06.24 : ヨルシカ\\n - LIVE 2024「前世」ライブ映像上映会の開催決定。（6/24更新）\\n| https://yorushika.com/news/detail/11687\\n2025.06.19 : ヨルシカ\\n - Yorushika LIVE 2024「前世」台灣確定上映\\n| https://yorushika.com/news/detail/11694\\n2025.06.19 : ヨルシカ\\n - 横浜・八景島シーパラダイス「LIGHTIA」にて「晴る」がコラボ\\n| https://yorushika.com/news/detail/11693\\n2025.06.18 : suis\\n - haruka nakamura + suis from ヨルシカ「灯星」6/27配信決定\\n| https://yorushika.com/news/detail/11692\\n2025.06.16 : suis\\n - J-WAVE特番「この夏の星を聴く」の番組DJをsuisが担当\\n| https://yorushika.com/news/detail/11690\\n2025.06.10 : ヨルシカ\\n - LIVE TOUR 2025「盗作 再演」開催決定。\\n| https://yorushika.com/news/detail/11688\\n2025.05.28 : suis\\n - 映画「この夏の星を見る」主題歌をsuisが歌唱\\n| https://yorushika.com/news/detail/11686\\n2025.05.15 : ヨルシカ\\n - 「火星人」MVよりスマホ用壁紙を配布\\n| https://yorushika.com/news/detail/11684\\n2025.05.03 : ヨルシカ\\n - ヨルシカ LIVE 2024「前世」購入者特典のデザイン決定。\\n| https://yorushika.com/news/detail/11681\\n2025.04.30 : ヨルシカ\\n - AL「盗作」、EP「創作」アナログ盤の発売決定。レコードプレイヤーの再販も。\\n| https://yorushika.com/news/detail/11679\\n\"}],\"notificationDisabled\":false}","process.thread.name":"OkHttp https://api.line.me/...","log.logger":"com.linecorp.bot.client.wire"}
{"@timestamp":"2025-06-28T13:28:31.195Z","ecs.version":"1.2.0","log.level":"INFO","message":"--> END POST (1480-byte body)","process.thread.name":"OkHttp https://api.line.me/...","log.logger":"com.linecorp.bot.client.wire"}
{"@timestamp":"2025-06-28T13:28:31.367Z","ecs.version":"1.2.0","log.level":"INFO","message":"<-- 200 https://api.line.me/v2/bot/message/broadcast (172ms)","process.thread.name":"OkHttp https://api.line.me/...","log.logger":"com.linecorp.bot.client.wire"}
{"@timestamp":"2025-06-28T13:28:31.368Z","ecs.version":"1.2.0","log.level":"INFO","message":"x-xss-protection: 1; mode=block","process.thread.name":"OkHttp https://api.line.me/...","log.logger":"com.linecorp.bot.client.wire"}
{"@timestamp":"2025-06-28T13:28:31.368Z","ecs.version":"1.2.0","log.level":"INFO","message":"x-line-request-id: 981b4982-793e-437a-9f68-866afc968996","process.thread.name":"OkHttp https://api.line.me/...","log.logger":"com.linecorp.bot.client.wire"}
{"@timestamp":"2025-06-28T13:28:31.368Z","ecs.version":"1.2.0","log.level":"INFO","message":"x-frame-options: DENY","process.thread.name":"OkHttp https://api.line.me/...","log.logger":"com.linecorp.bot.client.wire"}
{"@timestamp":"2025-06-28T13:28:31.368Z","ecs.version":"1.2.0","log.level":"INFO","message":"x-content-type-options: nosniff","process.thread.name":"OkHttp https://api.line.me/...","log.logger":"com.linecorp.bot.client.wire"}
{"@timestamp":"2025-06-28T13:28:31.368Z","ecs.version":"1.2.0","log.level":"INFO","message":"pragma: no-cache","process.thread.name":"OkHttp https://api.line.me/...","log.logger":"com.linecorp.bot.client.wire"}
{"@timestamp":"2025-06-28T13:28:31.368Z","ecs.version":"1.2.0","log.level":"INFO","message":"expires: 0","process.thread.name":"OkHttp https://api.line.me/...","log.logger":"com.linecorp.bot.client.wire"}
{"@timestamp":"2025-06-28T13:28:31.368Z","ecs.version":"1.2.0","log.level":"INFO","message":"date: Sat, 28 Jun 2025 13:28:31 GMT","process.thread.name":"OkHttp https://api.line.me/...","log.logger":"com.linecorp.bot.client.wire"}
{"@timestamp":"2025-06-28T13:28:31.368Z","ecs.version":"1.2.0","log.level":"INFO","message":"content-type: application/json","process.thread.name":"OkHttp https://api.line.me/...","log.logger":"com.linecorp.bot.client.wire"}
{"@timestamp":"2025-06-28T13:28:31.368Z","ecs.version":"1.2.0","log.level":"INFO","message":"content-length: 2","process.thread.name":"OkHttp https://api.line.me/...","log.logger":"com.linecorp.bot.client.wire"}
{"@timestamp":"2025-06-28T13:28:31.368Z","ecs.version":"1.2.0","log.level":"INFO","message":"cache-control: no-cache, no-store, max-age=0, must-revalidate","process.thread.name":"OkHttp https://api.line.me/...","log.logger":"com.linecorp.bot.client.wire"}
{"@timestamp":"2025-06-28T13:28:31.369Z","ecs.version":"1.2.0","log.level":"INFO","message":"server: legy","process.thread.name":"OkHttp https://api.line.me/...","log.logger":"com.linecorp.bot.client.wire"}
{"@timestamp":"2025-06-28T13:28:31.369Z","ecs.version":"1.2.0","log.level":"INFO","message":"","process.thread.name":"OkHttp https://api.line.me/...","log.logger":"com.linecorp.bot.client.wire"}
{"@timestamp":"2025-06-28T13:28:31.369Z","ecs.version":"1.2.0","log.level":"INFO","message":"{}","process.thread.name":"OkHttp https://api.line.me/...","log.logger":"com.linecorp.bot.client.wire"}
{"@timestamp":"2025-06-28T13:28:31.369Z","ecs.version":"1.2.0","log.level":"INFO","message":"<-- END HTTP (2-byte body)","process.thread.name":"OkHttp https://api.line.me/...","log.logger":"com.linecorp.bot.client.wire"}
{"@timestamp":"2025-06-28T13:29:30.196Z","ecs.version":"1.2.0","log.level":"INFO","message":"do","process.thread.name":"pool-2-thread-1","log.logger":"one.nfolio.Main"}
{"@timestamp":"2025-06-28T13:30:30.194Z","ecs.version":"1.2.0","log.level":"INFO","message":"do","process.thread.name":"pool-2-thread-1","log.logger":"one.nfolio.Main"}
{"@timestamp":"2025-06-28T13:31:30.188Z","ecs.version":"1.2.0","log.level":"INFO","message":"do","process.thread.name":"pool-2-thread-1","log.logger":"one.nfolio.Main"}
{"@timestamp":"2025-06-28T13:32:30.189Z","ecs.version":"1.2.0","log.level":"INFO","message":"do","process.thread.name":"pool-2-thread-1","log.logger":"one.nfolio.Main"}
{"@timestamp":"2025-06-28T13:33:30.186Z","ecs.version":"1.2.0","log.level":"INFO","message":"do","process.thread.name":"pool-2-thread-1","log.logger":"one.nfolio.Main"}
